<?xml version="1.0" encoding="UTF-8"?>
<!-- Generated by org.testng.reporters.JUnitReportReporter -->
<testsuite skipped="0" hostname="LAPTOP-3FF73V8C" name="GetMethodUsingBDD.GetMethod" tests="1" failures="0" timestamp="2020-06-27T16:24:27 IST" time="3.222" errors="0">
  <testcase name="getMethod" time="3.222" classname="GetMethodUsingBDD.GetMethod"/>
  <system-out/>
</testsuite> <!-- GetMethodUsingBDD.GetMethod -->
