<?xml version="1.0" encoding="UTF-8"?>
<!-- Generated by org.testng.reporters.JUnitReportReporter -->
<testsuite skipped="0" hostname="LAPTOP-3FF73V8C" name="ValidateXML.ValidateXML" tests="3" failures="0" timestamp="2020-06-28T12:53:15 IST" time="6.475" errors="0">
  <testcase name="xmlXpath" time="1.278" classname="ValidateXML.ValidateXML"/>
  <system-out/>
  <testcase name="validateXML" time="4.012" classname="ValidateXML.ValidateXML"/>
  <system-out/>
  <testcase name="text" time="1.185" classname="ValidateXML.ValidateXML"/>
  <system-out/>
</testsuite> <!-- ValidateXML.ValidateXML -->
